{
  "stats": {
    "suites": 14,
    "tests": 13,
    "passes": 13,
    "pending": 0,
    "failures": 0,
    "start": "2019-09-13T01:04:33.459Z",
    "end": "2019-09-13T01:04:33.813Z",
    "duration": 354,
    "testsRegistered": 13,
    "passPercent": 100,
    "pendingPercent": 0,
    "other": 0,
    "hasOther": false,
    "skipped": 0,
    "hasSkipped": false
  },
  "results": [
    {
      "uuid": "6ff83241-2838-47e4-91df-5952616b25a5",
      "title": "",
      "fullFile": "",
      "file": "",
      "beforeHooks": [],
      "afterHooks": [],
      "tests": [],
      "suites": [
        {
          "uuid": "1944af93-7d31-473b-9727-29e7eaabff89",
          "title": "delete",
          "fullFile": "c:\\fullstack\\treko\\api\\test\\delete.spec.js",
          "file": "\\test\\delete.spec.js",
          "beforeHooks": [],
          "afterHooks": [],
          "tests": [],
          "suites": [
            {
              "uuid": "db729a3e-a624-4cb0-9a16-ea2665a7c342",
              "title": "quando apago uma tarefa",
              "fullFile": "c:\\fullstack\\treko\\api\\test\\delete.spec.js",
              "file": "\\test\\delete.spec.js",
              "beforeHooks": [
                {
                  "title": "\"before all\" hook",
                  "fullTitle": "delete quando apago uma tarefa \"before all\" hook",
                  "timedOut": false,
                  "duration": 1,
                  "state": null,
                  "speed": null,
                  "pass": false,
                  "fail": false,
                  "pending": false,
                  "context": null,
                  "code": "_task2.default.insertMany([task]);\ndone();",
                  "err": {},
                  "uuid": "c6c331ea-2bdc-442a-b7dc-3a91d8e9643c",
                  "parentUUID": "db729a3e-a624-4cb0-9a16-ea2665a7c342",
                  "isHook": true,
                  "skipped": false
                }
              ],
              "afterHooks": [
                {
                  "title": "\"after all\" hook",
                  "fullTitle": "delete quando apago uma tarefa \"after all\" hook",
                  "timedOut": false,
                  "duration": 13,
                  "state": null,
                  "speed": null,
                  "pass": false,
                  "fail": false,
                  "pending": false,
                  "context": null,
                  "code": "request.get('/task/' + task._id).end(function (err, res) {\n    expect(res).to.have.status(404);\n    done();\n});",
                  "err": {},
                  "uuid": "af857cc5-1bb7-47ba-80be-7187633fa4a1",
                  "parentUUID": "db729a3e-a624-4cb0-9a16-ea2665a7c342",
                  "isHook": true,
                  "skipped": false
                }
              ],
              "tests": [
                {
                  "title": "deve retornar 200",
                  "fullTitle": "delete quando apago uma tarefa deve retornar 200",
                  "timedOut": false,
                  "duration": 90,
                  "state": "passed",
                  "speed": "slow",
                  "pass": true,
                  "fail": false,
                  "pending": false,
                  "context": null,
                  "code": "request.delete('/task/' + task._id).end(function (err, res) {\n    expect(res).to.have.status(200);\n    expect(res.body).to.eql({});\n    done();\n});",
                  "err": {},
                  "uuid": "1eb2b81f-3679-4b20-a774-d2dc8a8b349c",
                  "parentUUID": "db729a3e-a624-4cb0-9a16-ea2665a7c342",
                  "isHook": false,
                  "skipped": false
                }
              ],
              "suites": [],
              "passes": [
                "1eb2b81f-3679-4b20-a774-d2dc8a8b349c"
              ],
              "failures": [],
              "pending": [],
              "skipped": [],
              "duration": 90,
              "root": false,
              "rootEmpty": false,
              "_timeout": 9000
            },
            {
              "uuid": "a2ff7221-056d-4ab4-95af-43ec035d72d9",
              "title": "quando a tarefa nao existe",
              "fullFile": "c:\\fullstack\\treko\\api\\test\\delete.spec.js",
              "file": "\\test\\delete.spec.js",
              "beforeHooks": [],
              "afterHooks": [],
              "tests": [
                {
                  "title": "deve retornar 200",
                  "fullTitle": "delete quando a tarefa nao existe deve retornar 200",
                  "timedOut": false,
                  "duration": 5,
                  "state": "passed",
                  "speed": "fast",
                  "pass": true,
                  "fail": false,
                  "pending": false,
                  "context": null,
                  "code": "var id = require('mongoose').Types.ObjectId();\nrequest.delete('/task/' + id).end(function (err, res) {\n    expect(res).to.have.status(404);\n    expect(res.body).to.eql({});\n    done();\n});",
                  "err": {},
                  "uuid": "8ee84e1f-a8e1-4fd7-bfd3-d7c35860baa9",
                  "parentUUID": "a2ff7221-056d-4ab4-95af-43ec035d72d9",
                  "isHook": false,
                  "skipped": false
                }
              ],
              "suites": [],
              "passes": [
                "8ee84e1f-a8e1-4fd7-bfd3-d7c35860baa9"
              ],
              "failures": [],
              "pending": [],
              "skipped": [],
              "duration": 5,
              "root": false,
              "rootEmpty": false,
              "_timeout": 9000
            }
          ],
          "passes": [],
          "failures": [],
          "pending": [],
          "skipped": [],
          "duration": 0,
          "root": false,
          "rootEmpty": false,
          "_timeout": 9000
        },
        {
          "uuid": "255e1a82-1ab8-4105-9be8-803c8424455b",
          "title": "get",
          "fullFile": "c:\\fullstack\\treko\\api\\test\\get.spec.js",
          "file": "\\test\\get.spec.js",
          "beforeHooks": [],
          "afterHooks": [],
          "tests": [],
          "suites": [
            {
              "uuid": "c8c1e631-0068-481c-a89b-104ac050b9e6",
              "title": "quando eu tenho tarefas cadastradas",
              "fullFile": "c:\\fullstack\\treko\\api\\test\\get.spec.js",
              "file": "\\test\\get.spec.js",
              "beforeHooks": [
                {
                  "title": "\"before all\" hook",
                  "fullTitle": "get quando eu tenho tarefas cadastradas \"before all\" hook",
                  "timedOut": false,
                  "duration": 1,
                  "state": null,
                  "speed": null,
                  "pass": false,
                  "fail": false,
                  "pending": false,
                  "context": null,
                  "code": "rabbit.delete(\"/api/queues/%2F/tasksdev/contents\").auth('guest', 'guest').end(function (err, res) {\n                expect(res).to.has.status(204);\n            });\n            var tasks = [{ title: 'Estudar NodejS', owner: 'eu@papito.io', done: false }, { title: 'Fazer compras', owner: 'eu@papito.io', done: false }, { title: 'Estudar MongoDB', owner: 'eu@papito.io', done: true }];\n            _task2.default.insertMany(tasks);\n            done();",
                  "err": {},
                  "uuid": "409b2d4c-a7bd-4f57-a3f2-73e002f186f8",
                  "parentUUID": "c8c1e631-0068-481c-a89b-104ac050b9e6",
                  "isHook": true,
                  "skipped": false
                }
              ],
              "afterHooks": [],
              "tests": [
                {
                  "title": "deve retornar uma lista",
                  "fullTitle": "get quando eu tenho tarefas cadastradas deve retornar uma lista",
                  "timedOut": false,
                  "duration": 17,
                  "state": "passed",
                  "speed": "fast",
                  "pass": true,
                  "fail": false,
                  "pending": false,
                  "context": null,
                  "code": "request.get('/task').end(function (err, res) {\n    expect(res).to.has.status(200);\n    expect(res.body.data).to.be.an('array');\n    done();\n});",
                  "err": {},
                  "uuid": "27232ba6-5677-4de5-8ec7-092cba41e35e",
                  "parentUUID": "c8c1e631-0068-481c-a89b-104ac050b9e6",
                  "isHook": false,
                  "skipped": false
                },
                {
                  "title": "deve filtrar por palavra chave",
                  "fullTitle": "get quando eu tenho tarefas cadastradas deve filtrar por palavra chave",
                  "timedOut": false,
                  "duration": 16,
                  "state": "passed",
                  "speed": "fast",
                  "pass": true,
                  "fail": false,
                  "pending": false,
                  "context": null,
                  "code": "request.get('/task').query({ title: 'Estudar' }).end(function (err, res) {\n    expect(res).to.has.status(200);\n    expect(res.body.data[0].title).to.equal('Estudar NodejS');\n    expect(res.body.data[1].title).to.equal('Estudar MongoDB');\n    done();\n});",
                  "err": {},
                  "uuid": "f0598355-05c2-464f-9172-fa783db293a4",
                  "parentUUID": "c8c1e631-0068-481c-a89b-104ac050b9e6",
                  "isHook": false,
                  "skipped": false
                }
              ],
              "suites": [],
              "passes": [
                "27232ba6-5677-4de5-8ec7-092cba41e35e",
                "f0598355-05c2-464f-9172-fa783db293a4"
              ],
              "failures": [],
              "pending": [],
              "skipped": [],
              "duration": 33,
              "root": false,
              "rootEmpty": false,
              "_timeout": 9000
            },
            {
              "uuid": "90eb7761-0371-4133-b486-63a293a9d5ca",
              "title": "quando busco por id",
              "fullFile": "c:\\fullstack\\treko\\api\\test\\get.spec.js",
              "file": "\\test\\get.spec.js",
              "beforeHooks": [],
              "afterHooks": [],
              "tests": [
                {
                  "title": "deve retornar uma única tarefa",
                  "fullTitle": "get quando busco por id deve retornar uma única tarefa",
                  "timedOut": false,
                  "duration": 11,
                  "state": "passed",
                  "speed": "fast",
                  "pass": true,
                  "fail": false,
                  "pending": false,
                  "context": null,
                  "code": "var tasks = [{ title: 'Ler um livro de Javascript', owner: 'eu@papito.io', done: false }];\n_task2.default.insertMany(tasks, function (err, result) {\n    var id = result[0]._id;\n    request.get('/task/' + id).end(function (err, res) {\n        expect(res).to.has.status(200);\n        expect(res.body.data.title).to.equal(tasks[0].title);\n        done();\n    });\n});",
                  "err": {},
                  "uuid": "a60b9bae-7585-4c7a-9681-ee076942a345",
                  "parentUUID": "90eb7761-0371-4133-b486-63a293a9d5ca",
                  "isHook": false,
                  "skipped": false
                }
              ],
              "suites": [],
              "passes": [
                "a60b9bae-7585-4c7a-9681-ee076942a345"
              ],
              "failures": [],
              "pending": [],
              "skipped": [],
              "duration": 11,
              "root": false,
              "rootEmpty": false,
              "_timeout": 9000
            },
            {
              "uuid": "0a8fe9dc-ae09-4a5f-8453-3f5d468b14ec",
              "title": "quando a tarefa nao existe",
              "fullFile": "c:\\fullstack\\treko\\api\\test\\get.spec.js",
              "file": "\\test\\get.spec.js",
              "beforeHooks": [],
              "afterHooks": [],
              "tests": [
                {
                  "title": "deve retornar 404",
                  "fullTitle": "get quando a tarefa nao existe deve retornar 404",
                  "timedOut": false,
                  "duration": 3,
                  "state": "passed",
                  "speed": "fast",
                  "pass": true,
                  "fail": false,
                  "pending": false,
                  "context": null,
                  "code": "var id = require('mongoose').Types.ObjectId();\nrequest.get('/task/' + id).end(function (err, res) {\n    expect(res).to.has.status(404);\n    expect(res.body).to.eql({});\n    done();\n});",
                  "err": {},
                  "uuid": "6e159bb2-ea90-476a-912a-d39aaf4471ab",
                  "parentUUID": "0a8fe9dc-ae09-4a5f-8453-3f5d468b14ec",
                  "isHook": false,
                  "skipped": false
                }
              ],
              "suites": [],
              "passes": [
                "6e159bb2-ea90-476a-912a-d39aaf4471ab"
              ],
              "failures": [],
              "pending": [],
              "skipped": [],
              "duration": 3,
              "root": false,
              "rootEmpty": false,
              "_timeout": 9000
            }
          ],
          "passes": [],
          "failures": [],
          "pending": [],
          "skipped": [],
          "duration": 0,
          "root": false,
          "rootEmpty": false,
          "_timeout": 9000
        },
        {
          "uuid": "4e5d747d-381e-42c9-b424-4876e741c6e9",
          "title": "post",
          "fullFile": "c:\\fullstack\\treko\\api\\test\\post.spec.js",
          "file": "\\test\\post.spec.js",
          "beforeHooks": [],
          "afterHooks": [],
          "tests": [],
          "suites": [
            {
              "uuid": "b69401f6-d608-40d8-8038-4a8e3d69e471",
              "title": "quando eu cadastro uma tarefa",
              "fullFile": "c:\\fullstack\\treko\\api\\test\\post.spec.js",
              "file": "\\test\\post.spec.js",
              "beforeHooks": [
                {
                  "title": "\"before all\" hook",
                  "fullTitle": "post quando eu cadastro uma tarefa \"before all\" hook",
                  "timedOut": false,
                  "duration": 17,
                  "state": null,
                  "speed": null,
                  "pass": false,
                  "fail": false,
                  "pending": false,
                  "context": null,
                  "code": "rabbit.delete(\"/api/queues/%2F/tasksdev/contents\").auth('guest', 'guest').end(function (err, res) {\n    expect(res).to.has.status(204);\n    done();\n});",
                  "err": {},
                  "uuid": "defcbaa9-c958-4a32-9bdb-33caf20aa394",
                  "parentUUID": "b69401f6-d608-40d8-8038-4a8e3d69e471",
                  "isHook": true,
                  "skipped": false
                }
              ],
              "afterHooks": [],
              "tests": [
                {
                  "title": "entao deve retornar 200",
                  "fullTitle": "post quando eu cadastro uma tarefa entao deve retornar 200",
                  "timedOut": false,
                  "duration": 35,
                  "state": "passed",
                  "speed": "fast",
                  "pass": true,
                  "fail": false,
                  "pending": false,
                  "context": null,
                  "code": "request.post('/task').send(task).end(function (err, res) {\n    expect(res).to.has.status(200);\n    expect(res.body.data.title).to.be.an('string');\n    expect(res.body.data.owner).to.be.an('string');\n    expect(res.body.data.done).to.be.an('boolean');\n    done();\n});",
                  "err": {},
                  "uuid": "96242979-e996-4b02-a281-36eb865c0693",
                  "parentUUID": "b69401f6-d608-40d8-8038-4a8e3d69e471",
                  "isHook": false,
                  "skipped": false
                },
                {
                  "title": "e deve enviar email",
                  "fullTitle": "post quando eu cadastro uma tarefa e deve enviar email",
                  "timedOut": false,
                  "duration": 11,
                  "state": "passed",
                  "speed": "fast",
                  "pass": true,
                  "fail": false,
                  "pending": false,
                  "context": null,
                  "code": "var payload = { vhost: \"/\", name: \"tasksdev\", truncate: \"50000\", ackmode: \"ack_requeue_true\", encoding: \"auto\", count: \"1000\" };\nrabbit.post(\"/api/queues/%2f/tasksdev/get\").auth('guest', 'guest').send(payload).end(function (err, res) {\n    expect(res).to.have.status(200);\n    expect(res.body[0].payload).to.contain('Tarefa ' + task.title + ' criada com sucesso!');\n    done();\n});",
                  "err": {},
                  "uuid": "00a85b1c-4f22-4b5f-97d8-885aab205c9a",
                  "parentUUID": "b69401f6-d608-40d8-8038-4a8e3d69e471",
                  "isHook": false,
                  "skipped": false
                }
              ],
              "suites": [],
              "passes": [
                "96242979-e996-4b02-a281-36eb865c0693",
                "00a85b1c-4f22-4b5f-97d8-885aab205c9a"
              ],
              "failures": [],
              "pending": [],
              "skipped": [],
              "duration": 46,
              "root": false,
              "rootEmpty": false,
              "_timeout": 9000
            },
            {
              "uuid": "95d2c3aa-a51c-4c32-acb3-96d5010cd56e",
              "title": "quando nao informo o titulo",
              "fullFile": "c:\\fullstack\\treko\\api\\test\\post.spec.js",
              "file": "\\test\\post.spec.js",
              "beforeHooks": [],
              "afterHooks": [],
              "tests": [
                {
                  "title": "entao deve retornar 400",
                  "fullTitle": "post quando nao informo o titulo entao deve retornar 400",
                  "timedOut": false,
                  "duration": 6,
                  "state": "passed",
                  "speed": "fast",
                  "pass": true,
                  "fail": false,
                  "pending": false,
                  "context": null,
                  "code": "request.post('/task').send(task).end(function (err, res) {\n    expect(res).to.has.status(400);\n    expect(res.body.errors.title.message).to.eql('Oops! Title is required.');\n    done();\n});",
                  "err": {},
                  "uuid": "bb0a6104-cc63-4feb-9734-e042e68bc1fd",
                  "parentUUID": "95d2c3aa-a51c-4c32-acb3-96d5010cd56e",
                  "isHook": false,
                  "skipped": false
                }
              ],
              "suites": [],
              "passes": [
                "bb0a6104-cc63-4feb-9734-e042e68bc1fd"
              ],
              "failures": [],
              "pending": [],
              "skipped": [],
              "duration": 6,
              "root": false,
              "rootEmpty": false,
              "_timeout": 9000
            },
            {
              "uuid": "71bbdcb2-a89c-45e1-9cc6-8f6d2a00cd04",
              "title": "quando nao informo o dono",
              "fullFile": "c:\\fullstack\\treko\\api\\test\\post.spec.js",
              "file": "\\test\\post.spec.js",
              "beforeHooks": [],
              "afterHooks": [],
              "tests": [
                {
                  "title": "entao deve retornar 400",
                  "fullTitle": "post quando nao informo o dono entao deve retornar 400",
                  "timedOut": false,
                  "duration": 3,
                  "state": "passed",
                  "speed": "fast",
                  "pass": true,
                  "fail": false,
                  "pending": false,
                  "context": null,
                  "code": "request.post('/task').send(task).end(function (err, res) {\n    expect(res).to.has.status(400);\n    expect(res.body.errors.owner.message).to.eql('Oops! Owner is required.');\n    done();\n});",
                  "err": {},
                  "uuid": "ad0b93b9-288e-4821-9066-dc46c92508f9",
                  "parentUUID": "71bbdcb2-a89c-45e1-9cc6-8f6d2a00cd04",
                  "isHook": false,
                  "skipped": false
                }
              ],
              "suites": [],
              "passes": [
                "ad0b93b9-288e-4821-9066-dc46c92508f9"
              ],
              "failures": [],
              "pending": [],
              "skipped": [],
              "duration": 3,
              "root": false,
              "rootEmpty": false,
              "_timeout": 9000
            },
            {
              "uuid": "fad8f2dc-8d0f-4a0f-943f-a6963cdc1c74",
              "title": "quando a tarefa jรก existe",
              "fullFile": "c:\\fullstack\\treko\\api\\test\\post.spec.js",
              "file": "\\test\\post.spec.js",
              "beforeHooks": [
                {
                  "title": "\"before all\" hook",
                  "fullTitle": "post quando a tarefa jรก existe \"before all\" hook",
                  "timedOut": false,
                  "duration": 12,
                  "state": null,
                  "speed": null,
                  "pass": false,
                  "fail": false,
                  "pending": false,
                  "context": null,
                  "code": "request.post('/task').send(task).end(function (err, res) {\n    expect(res).to.has.status(200);\n    done();\n});",
                  "err": {},
                  "uuid": "9077d1a9-5167-4927-89e5-3da0a9fa24d6",
                  "parentUUID": "fad8f2dc-8d0f-4a0f-943f-a6963cdc1c74",
                  "isHook": true,
                  "skipped": false
                }
              ],
              "afterHooks": [],
              "tests": [
                {
                  "title": "deve retornar 409",
                  "fullTitle": "post quando a tarefa jรก existe deve retornar 409",
                  "timedOut": false,
                  "duration": 7,
                  "state": "passed",
                  "speed": "fast",
                  "pass": true,
                  "fail": false,
                  "pending": false,
                  "context": null,
                  "code": "request.post('/task').send(task).end(function (err, res) {\n    expect(res).to.has.status(409);\n    expect(res.body.errmsg).to.include('duplicate key');\n    done();\n});",
                  "err": {},
                  "uuid": "c07d88b0-96d2-448c-bf31-ab99d2f0dcf8",
                  "parentUUID": "fad8f2dc-8d0f-4a0f-943f-a6963cdc1c74",
                  "isHook": false,
                  "skipped": false
                }
              ],
              "suites": [],
              "passes": [
                "c07d88b0-96d2-448c-bf31-ab99d2f0dcf8"
              ],
              "failures": [],
              "pending": [],
              "skipped": [],
              "duration": 7,
              "root": false,
              "rootEmpty": false,
              "_timeout": 9000
            }
          ],
          "passes": [],
          "failures": [],
          "pending": [],
          "skipped": [],
          "duration": 0,
          "root": false,
          "rootEmpty": false,
          "_timeout": 9000
        },
        {
          "uuid": "d053c906-79ac-4429-a20f-ce2224c16a79",
          "title": "put",
          "fullFile": "c:\\fullstack\\treko\\api\\test\\put.spec.js",
          "file": "\\test\\put.spec.js",
          "beforeHooks": [],
          "afterHooks": [],
          "tests": [],
          "suites": [
            {
              "uuid": "d6157c82-5f7f-45fc-a2ef-79be1090b113",
              "title": "quando eu altero uma tarefa",
              "fullFile": "c:\\fullstack\\treko\\api\\test\\put.spec.js",
              "file": "\\test\\put.spec.js",
              "beforeHooks": [
                {
                  "title": "\"before all\" hook",
                  "fullTitle": "put quando eu altero uma tarefa \"before all\" hook",
                  "timedOut": false,
                  "duration": 0,
                  "state": null,
                  "speed": null,
                  "pass": false,
                  "fail": false,
                  "pending": false,
                  "context": null,
                  "code": "_task2.default.insertMany(task);\ndone();",
                  "err": {},
                  "uuid": "85be89e9-a1e7-472d-9f91-155249a51c38",
                  "parentUUID": "d6157c82-5f7f-45fc-a2ef-79be1090b113",
                  "isHook": true,
                  "skipped": false
                }
              ],
              "afterHooks": [],
              "tests": [
                {
                  "title": "entao deve retornar 200",
                  "fullTitle": "put quando eu altero uma tarefa entao deve retornar 200",
                  "timedOut": false,
                  "duration": 13,
                  "state": "passed",
                  "speed": "fast",
                  "pass": true,
                  "fail": false,
                  "pending": false,
                  "context": null,
                  "code": "task.title = 'Comprar Baconzitos', task.done = true;\nrequest.put('/task/' + task._id).send(task).end(function (err, res) {\n    expect(res).to.have.status(200);\n    expect(res.body).to.eql({});\n    done();\n});",
                  "err": {},
                  "uuid": "49b394f4-af06-4f44-a419-e268f6fbf31a",
                  "parentUUID": "d6157c82-5f7f-45fc-a2ef-79be1090b113",
                  "isHook": false,
                  "skipped": false
                },
                {
                  "title": "e deve retornar os dados atualizados",
                  "fullTitle": "put quando eu altero uma tarefa e deve retornar os dados atualizados",
                  "timedOut": false,
                  "duration": 5,
                  "state": "passed",
                  "speed": "fast",
                  "pass": true,
                  "fail": false,
                  "pending": false,
                  "context": null,
                  "code": "request.get('/task/' + task._id).end(function (err, res) {\n    expect(res).to.have.status(200);\n    expect(res.body.data.title).to.eql(task.title);\n    expect(res.body.data.done).to.be.true;\n    done();\n});",
                  "err": {},
                  "uuid": "d789b99f-7091-4b23-be9f-bf32a7f8f6c9",
                  "parentUUID": "d6157c82-5f7f-45fc-a2ef-79be1090b113",
                  "isHook": false,
                  "skipped": false
                }
              ],
              "suites": [],
              "passes": [
                "49b394f4-af06-4f44-a419-e268f6fbf31a",
                "d789b99f-7091-4b23-be9f-bf32a7f8f6c9"
              ],
              "failures": [],
              "pending": [],
              "skipped": [],
              "duration": 18,
              "root": false,
              "rootEmpty": false,
              "_timeout": 9000
            }
          ],
          "passes": [],
          "failures": [],
          "pending": [],
          "skipped": [],
          "duration": 0,
          "root": false,
          "rootEmpty": false,
          "_timeout": 9000
        }
      ],
      "passes": [],
      "failures": [],
      "pending": [],
      "skipped": [],
      "duration": 0,
      "root": true,
      "rootEmpty": true,
      "_timeout": 9000
    }
  ],
  "meta": {
    "mocha": {
      "version": "6.2.0"
    },
    "mochawesome": {
      "options": {
        "quiet": false,
        "reportFilename": "mochawesome",
        "saveHtml": true,
        "saveJson": true,
        "consoleReporter": "spec",
        "useInlineDiffs": false
      },
      "version": "4.1.0"
    },
    "marge": {
      "options": null,
      "version": "4.0.1"
    }
  }
}